Analysis & Synthesis report for LogicalStep_Lab5_top
Thu Jul 20 08:57:10 2017
Quartus Prime Version 15.1.0 Build 185 10/21/2015 SJ Standard Edition


---------------------
; Table of Contents ;
---------------------
  1. Legal Notice
  2. Analysis & Synthesis Summary
  3. Analysis & Synthesis Settings
  4. Parallel Compilation
  5. Analysis & Synthesis Source Files Read
  6. Analysis & Synthesis Resource Usage Summary
  7. Analysis & Synthesis Resource Utilization by Entity
  8. State Machine - |LogicalStep_Lab5_top|Moore_state:state_machine|current_state
  9. General Register Statistics
 10. Inverted Register Statistics
 11. Multiplexer Restructuring Statistics (Restructuring Performed)
 12. Port Connectivity Checks: "cycle_generator:GEN2"
 13. Port Connectivity Checks: "cycle_generator:GEN1"
 14. Post-Synthesis Netlist Statistics for Top Partition
 15. Elapsed Time Per Partition
 16. Analysis & Synthesis Messages



----------------
; Legal Notice ;
----------------
Copyright (C) 1991-2015 Altera Corporation. All rights reserved.
Your use of Altera Corporation's design tools, logic functions 
and other software and tools, and its AMPP partner logic 
functions, and any output files from any of the foregoing 
(including device programming or simulation files), and any 
associated documentation or information are expressly subject 
to the terms and conditions of the Altera Program License 
Subscription Agreement, the Altera Quartus Prime License Agreement,
the Altera MegaCore Function License Agreement, or other 
applicable license agreement, including, without limitation, 
that your use is for the sole purpose of programming logic 
devices manufactured by Altera and sold by Altera or its 
authorized distributors.  Please refer to the applicable 
agreement for further details.



+--------------------------------------------------------------------------------------+
; Analysis & Synthesis Summary                                                         ;
+------------------------------------+-------------------------------------------------+
; Analysis & Synthesis Status        ; Successful - Thu Jul 20 08:57:10 2017           ;
; Quartus Prime Version              ; 15.1.0 Build 185 10/21/2015 SJ Standard Edition ;
; Revision Name                      ; LogicalStep_Lab5_top                            ;
; Top-level Entity Name              ; LogicalStep_Lab5_top                            ;
; Family                             ; MAX 10                                          ;
; Total logic elements               ; 237                                             ;
;     Total combinational functions  ; 229                                             ;
;     Dedicated logic registers      ; 108                                             ;
; Total registers                    ; 108                                             ;
; Total pins                         ; 31                                              ;
; Total virtual pins                 ; 0                                               ;
; Total memory bits                  ; 0                                               ;
; Embedded Multiplier 9-bit elements ; 0                                               ;
; Total PLLs                         ; 0                                               ;
; UFM blocks                         ; 0                                               ;
; ADC blocks                         ; 0                                               ;
+------------------------------------+-------------------------------------------------+


+--------------------------------------------------------------------------------------------------------------------------+
; Analysis & Synthesis Settings                                                                                            ;
+----------------------------------------------------------------------------+----------------------+----------------------+
; Option                                                                     ; Setting              ; Default Value        ;
+----------------------------------------------------------------------------+----------------------+----------------------+
; Device                                                                     ; 10M08SAE144C8G       ;                      ;
; Top-level entity name                                                      ; LogicalStep_Lab5_top ; LogicalStep_Lab5_top ;
; Family name                                                                ; MAX 10               ; Cyclone V            ;
; Use smart compilation                                                      ; Off                  ; Off                  ;
; Enable parallel Assembler and TimeQuest Timing Analyzer during compilation ; On                   ; On                   ;
; Enable compact report table                                                ; Off                  ; Off                  ;
; Restructure Multiplexers                                                   ; Auto                 ; Auto                 ;
; Create Debugging Nodes for IP Cores                                        ; Off                  ; Off                  ;
; Preserve fewer node names                                                  ; On                   ; On                   ;
; Disable OpenCore Plus hardware evaluation                                  ; Off                  ; Off                  ;
; Verilog Version                                                            ; Verilog_2001         ; Verilog_2001         ;
; VHDL Version                                                               ; VHDL_1993            ; VHDL_1993            ;
; State Machine Processing                                                   ; Auto                 ; Auto                 ;
; Safe State Machine                                                         ; Off                  ; Off                  ;
; Extract Verilog State Machines                                             ; On                   ; On                   ;
; Extract VHDL State Machines                                                ; On                   ; On                   ;
; Ignore Verilog initial constructs                                          ; Off                  ; Off                  ;
; Iteration limit for constant Verilog loops                                 ; 5000                 ; 5000                 ;
; Iteration limit for non-constant Verilog loops                             ; 250                  ; 250                  ;
; Add Pass-Through Logic to Inferred RAMs                                    ; On                   ; On                   ;
; Infer RAMs from Raw Logic                                                  ; On                   ; On                   ;
; Parallel Synthesis                                                         ; On                   ; On                   ;
; DSP Block Balancing                                                        ; Auto                 ; Auto                 ;
; NOT Gate Push-Back                                                         ; On                   ; On                   ;
; Power-Up Don't Care                                                        ; On                   ; On                   ;
; Remove Redundant Logic Cells                                               ; Off                  ; Off                  ;
; Remove Duplicate Registers                                                 ; On                   ; On                   ;
; Ignore CARRY Buffers                                                       ; Off                  ; Off                  ;
; Ignore CASCADE Buffers                                                     ; Off                  ; Off                  ;
; Ignore GLOBAL Buffers                                                      ; Off                  ; Off                  ;
; Ignore ROW GLOBAL Buffers                                                  ; Off                  ; Off                  ;
; Ignore LCELL Buffers                                                       ; Off                  ; Off                  ;
; Ignore SOFT Buffers                                                        ; On                   ; On                   ;
; Limit AHDL Integers to 32 Bits                                             ; Off                  ; Off                  ;
; Optimization Technique                                                     ; Balanced             ; Balanced             ;
; Carry Chain Length                                                         ; 70                   ; 70                   ;
; Auto Carry Chains                                                          ; On                   ; On                   ;
; Auto Open-Drain Pins                                                       ; On                   ; On                   ;
; Perform WYSIWYG Primitive Resynthesis                                      ; Off                  ; Off                  ;
; Auto ROM Replacement                                                       ; On                   ; On                   ;
; Auto RAM Replacement                                                       ; On                   ; On                   ;
; Auto DSP Block Replacement                                                 ; On                   ; On                   ;
; Auto Shift Register Replacement                                            ; Auto                 ; Auto                 ;
; Allow Shift Register Merging across Hierarchies                            ; Auto                 ; Auto                 ;
; Auto Clock Enable Replacement                                              ; On                   ; On                   ;
; Strict RAM Replacement                                                     ; Off                  ; Off                  ;
; Allow Synchronous Control Signals                                          ; On                   ; On                   ;
; Force Use of Synchronous Clear Signals                                     ; Off                  ; Off                  ;
; Auto RAM Block Balancing                                                   ; On                   ; On                   ;
; Auto RAM to Logic Cell Conversion                                          ; Off                  ; Off                  ;
; Auto Resource Sharing                                                      ; Off                  ; Off                  ;
; Allow Any RAM Size For Recognition                                         ; Off                  ; Off                  ;
; Allow Any ROM Size For Recognition                                         ; Off                  ; Off                  ;
; Allow Any Shift Register Size For Recognition                              ; Off                  ; Off                  ;
; Use LogicLock Constraints during Resource Balancing                        ; On                   ; On                   ;
; Ignore translate_off and synthesis_off directives                          ; Off                  ; Off                  ;
; Timing-Driven Synthesis                                                    ; On                   ; On                   ;
; Report Parameter Settings                                                  ; On                   ; On                   ;
; Report Source Assignments                                                  ; On                   ; On                   ;
; Report Connectivity Checks                                                 ; On                   ; On                   ;
; Ignore Maximum Fan-Out Assignments                                         ; Off                  ; Off                  ;
; Synchronization Register Chain Length                                      ; 2                    ; 2                    ;
; PowerPlay Power Optimization During Synthesis                              ; Normal compilation   ; Normal compilation   ;
; HDL message level                                                          ; Level2               ; Level2               ;
; Suppress Register Optimization Related Messages                            ; Off                  ; Off                  ;
; Number of Removed Registers Reported in Synthesis Report                   ; 5000                 ; 5000                 ;
; Number of Swept Nodes Reported in Synthesis Report                         ; 5000                 ; 5000                 ;
; Number of Inverted Registers Reported in Synthesis Report                  ; 100                  ; 100                  ;
; Clock MUX Protection                                                       ; On                   ; On                   ;
; Auto Gated Clock Conversion                                                ; Off                  ; Off                  ;
; Block Design Naming                                                        ; Auto                 ; Auto                 ;
; SDC constraint protection                                                  ; Off                  ; Off                  ;
; Synthesis Effort                                                           ; Auto                 ; Auto                 ;
; Shift Register Replacement - Allow Asynchronous Clear Signal               ; On                   ; On                   ;
; Pre-Mapping Resynthesis Optimization                                       ; Off                  ; Off                  ;
; Analysis & Synthesis Message Level                                         ; Medium               ; Medium               ;
; Disable Register Merging Across Hierarchies                                ; Auto                 ; Auto                 ;
; Resource Aware Inference For Block RAM                                     ; On                   ; On                   ;
; Synthesis Seed                                                             ; 1                    ; 1                    ;
+----------------------------------------------------------------------------+----------------------+----------------------+


+------------------------------------------+
; Parallel Compilation                     ;
+----------------------------+-------------+
; Processors                 ; Number      ;
+----------------------------+-------------+
; Number detected on machine ; 4           ;
; Maximum allowed            ; 2           ;
;                            ;             ;
; Average used               ; 1.00        ;
; Maximum used               ; 2           ;
;                            ;             ;
; Usage by Processor         ; % Time Used ;
;     Processor 1            ; 100.0%      ;
;     Processor 2            ; < 0.1%      ;
+----------------------------+-------------+


+------------------------------------------------------------------------------------------------------------------------------+
; Analysis & Synthesis Source Files Read                                                                                       ;
+----------------------------------+-----------------+-----------------------+---------------------------------------+---------+
; File Name with User-Entered Path ; Used in Netlist ; File Type             ; File Name with Absolute Path          ; Library ;
+----------------------------------+-----------------+-----------------------+---------------------------------------+---------+
; LogicalStep_Lab5_top.vhd         ; yes             ; User VHDL File        ; N:/VHDL/Lab5/LogicalStep_Lab5_top.vhd ;         ;
; segment7_mux.vhd                 ; yes             ; User VHDL File        ; N:/VHDL/Lab5/segment7_mux.vhd         ;         ;
; cycle_generator.vhd              ; yes             ; User VHDL File        ; N:/VHDL/Lab5/cycle_generator.vhd      ;         ;
; Moore_state.vhd                  ; yes             ; User VHDL File        ; N:/VHDL/Lab5/Moore_state.vhd          ;         ;
; Synchronizer.vhd                 ; yes             ; User VHDL File        ; N:/VHDL/Lab5/Synchronizer.vhd         ;         ;
; Latch.vhd                        ; yes             ; User VHDL File        ; N:/VHDL/Lab5/Latch.vhd                ;         ;
; sevensegment.vhd                 ; yes             ; Auto-Found VHDL File  ; N:/VHDL/Lab5/sevensegment.vhd         ;         ;
+----------------------------------+-----------------+-----------------------+---------------------------------------+---------+


+-----------------------------------------------------------+
; Analysis & Synthesis Resource Usage Summary               ;
+---------------------------------------------+-------------+
; Resource                                    ; Usage       ;
+---------------------------------------------+-------------+
; Estimated Total logic elements              ; 237         ;
;                                             ;             ;
; Total combinational functions               ; 229         ;
; Logic element usage by number of LUT inputs ;             ;
;     -- 4 input functions                    ; 55          ;
;     -- 3 input functions                    ; 8           ;
;     -- <=2 input functions                  ; 166         ;
;                                             ;             ;
; Logic elements by mode                      ;             ;
;     -- normal mode                          ; 158         ;
;     -- arithmetic mode                      ; 71          ;
;                                             ;             ;
; Total registers                             ; 108         ;
;     -- Dedicated logic registers            ; 108         ;
;     -- I/O registers                        ; 0           ;
;                                             ;             ;
; I/O pins                                    ; 31          ;
;                                             ;             ;
; Embedded Multiplier 9-bit elements          ; 0           ;
;                                             ;             ;
; Maximum fan-out node                        ; rst_n~input ;
; Maximum fan-out                             ; 97          ;
; Total fan-out                               ; 909         ;
; Average fan-out                             ; 2.28        ;
+---------------------------------------------+-------------+


+-------------------------------------------------------------------------------------------------------------------------------------------------------------------------------------------------------------------------------------------------+
; Analysis & Synthesis Resource Utilization by Entity                                                                                                                                                                                             ;
+-------------------------------------+-------------------+--------------+-------------+------------+--------------+---------+-----------+------+--------------+------------+------------------------------------------------------+--------------+
; Compilation Hierarchy Node          ; LC Combinationals ; LC Registers ; Memory Bits ; UFM Blocks ; DSP Elements ; DSP 9x9 ; DSP 18x18 ; Pins ; Virtual Pins ; ADC blocks ; Full Hierarchy Name                                  ; Library Name ;
+-------------------------------------+-------------------+--------------+-------------+------------+--------------+---------+-----------+------+--------------+------------+------------------------------------------------------+--------------+
; |LogicalStep_Lab5_top               ; 229 (12)          ; 108 (0)      ; 0           ; 0          ; 0            ; 0       ; 0         ; 31   ; 0            ; 0          ; |LogicalStep_Lab5_top                                ; work         ;
;    |Latch_Saver:ew_latch|           ; 1 (1)             ; 1 (1)        ; 0           ; 0          ; 0            ; 0       ; 0         ; 0    ; 0            ; 0          ; |LogicalStep_Lab5_top|Latch_Saver:ew_latch           ; work         ;
;    |Latch_Saver:ns_latch|           ; 1 (1)             ; 1 (1)        ; 0           ; 0          ; 0            ; 0       ; 0         ; 0    ; 0            ; 0          ; |LogicalStep_Lab5_top|Latch_Saver:ns_latch           ; work         ;
;    |Moore_state:state_machine|      ; 41 (41)           ; 18 (18)      ; 0           ; 0          ; 0            ; 0       ; 0         ; 0    ; 0            ; 0          ; |LogicalStep_Lab5_top|Moore_state:state_machine      ; work         ;
;    |Synchronizer:ew_sync|           ; 1 (1)             ; 2 (2)        ; 0           ; 0          ; 0            ; 0       ; 0         ; 0    ; 0            ; 0          ; |LogicalStep_Lab5_top|Synchronizer:ew_sync           ; work         ;
;    |Synchronizer:night_mode_sync|   ; 0 (0)             ; 2 (2)        ; 0           ; 0          ; 0            ; 0       ; 0         ; 0    ; 0            ; 0          ; |LogicalStep_Lab5_top|Synchronizer:night_mode_sync   ; work         ;
;    |Synchronizer:ns_sync|           ; 1 (1)             ; 2 (2)        ; 0           ; 0          ; 0            ; 0       ; 0         ; 0    ; 0            ; 0          ; |LogicalStep_Lab5_top|Synchronizer:ns_sync           ; work         ;
;    |Synchronizer:reduced_mode_sync| ; 0 (0)             ; 2 (2)        ; 0           ; 0          ; 0            ; 0       ; 0         ; 0    ; 0            ; 0          ; |LogicalStep_Lab5_top|Synchronizer:reduced_mode_sync ; work         ;
;    |cycle_generator:GEN1|           ; 76 (76)           ; 34 (34)      ; 0           ; 0          ; 0            ; 0       ; 0         ; 0    ; 0            ; 0          ; |LogicalStep_Lab5_top|cycle_generator:GEN1           ; work         ;
;    |cycle_generator:GEN2|           ; 77 (77)           ; 35 (35)      ; 0           ; 0          ; 0            ; 0       ; 0         ; 0    ; 0            ; 0          ; |LogicalStep_Lab5_top|cycle_generator:GEN2           ; work         ;
;    |segment7_mux:Display_driver|    ; 19 (19)           ; 11 (11)      ; 0           ; 0          ; 0            ; 0       ; 0         ; 0    ; 0            ; 0          ; |LogicalStep_Lab5_top|segment7_mux:Display_driver    ; work         ;
+-------------------------------------+-------------------+--------------+-------------+------------+--------------+---------+-----------+------+--------------+------------+------------------------------------------------------+--------------+
Note: For table entries with two numbers listed, the numbers in parentheses indicate the number of resources of the given type used by the specific entity alone. The numbers listed outside of parentheses indicate the total resources of the given type used by the specific entity and all of its sub-entities in the hierarchy.


Encoding Type:  One-Hot
+---------------------------------------------------------------------------------------------------------------------------------------------------------------------------------------------------------------------------------------------------------------------------------------------------------------------------------------------------------------------------------+
; State Machine - |LogicalStep_Lab5_top|Moore_state:state_machine|current_state                                                                                                                                                                                                                                                                                                   ;
+-------------------+-------------------+-------------------+-------------------+-------------------+-------------------+-------------------+-------------------+-------------------+------------------+------------------+------------------+------------------+------------------+------------------+------------------+------------------+------------------+------------------+
; Name              ; current_state.s17 ; current_state.s16 ; current_state.s15 ; current_state.S14 ; current_state.S13 ; current_state.S12 ; current_state.S11 ; current_state.S10 ; current_state.S9 ; current_state.S8 ; current_state.S7 ; current_state.S6 ; current_state.S5 ; current_state.S4 ; current_state.S3 ; current_state.S2 ; current_state.S1 ; current_state.S0 ;
+-------------------+-------------------+-------------------+-------------------+-------------------+-------------------+-------------------+-------------------+-------------------+------------------+------------------+------------------+------------------+------------------+------------------+------------------+------------------+------------------+------------------+
; current_state.S0  ; 0                 ; 0                 ; 0                 ; 0                 ; 0                 ; 0                 ; 0                 ; 0                 ; 0                ; 0                ; 0                ; 0                ; 0                ; 0                ; 0                ; 0                ; 0                ; 0                ;
; current_state.S1  ; 0                 ; 0                 ; 0                 ; 0                 ; 0                 ; 0                 ; 0                 ; 0                 ; 0                ; 0                ; 0                ; 0                ; 0                ; 0                ; 0                ; 0                ; 1                ; 1                ;
; current_state.S2  ; 0                 ; 0                 ; 0                 ; 0                 ; 0                 ; 0                 ; 0                 ; 0                 ; 0                ; 0                ; 0                ; 0                ; 0                ; 0                ; 0                ; 1                ; 0                ; 1                ;
; current_state.S3  ; 0                 ; 0                 ; 0                 ; 0                 ; 0                 ; 0                 ; 0                 ; 0                 ; 0                ; 0                ; 0                ; 0                ; 0                ; 0                ; 1                ; 0                ; 0                ; 1                ;
; current_state.S4  ; 0                 ; 0                 ; 0                 ; 0                 ; 0                 ; 0                 ; 0                 ; 0                 ; 0                ; 0                ; 0                ; 0                ; 0                ; 1                ; 0                ; 0                ; 0                ; 1                ;
; current_state.S5  ; 0                 ; 0                 ; 0                 ; 0                 ; 0                 ; 0                 ; 0                 ; 0                 ; 0                ; 0                ; 0                ; 0                ; 1                ; 0                ; 0                ; 0                ; 0                ; 1                ;
; current_state.S6  ; 0                 ; 0                 ; 0                 ; 0                 ; 0                 ; 0                 ; 0                 ; 0                 ; 0                ; 0                ; 0                ; 1                ; 0                ; 0                ; 0                ; 0                ; 0                ; 1                ;
; current_state.S7  ; 0                 ; 0                 ; 0                 ; 0                 ; 0                 ; 0                 ; 0                 ; 0                 ; 0                ; 0                ; 1                ; 0                ; 0                ; 0                ; 0                ; 0                ; 0                ; 1                ;
; current_state.S8  ; 0                 ; 0                 ; 0                 ; 0                 ; 0                 ; 0                 ; 0                 ; 0                 ; 0                ; 1                ; 0                ; 0                ; 0                ; 0                ; 0                ; 0                ; 0                ; 1                ;
; current_state.S9  ; 0                 ; 0                 ; 0                 ; 0                 ; 0                 ; 0                 ; 0                 ; 0                 ; 1                ; 0                ; 0                ; 0                ; 0                ; 0                ; 0                ; 0                ; 0                ; 1                ;
; current_state.S10 ; 0                 ; 0                 ; 0                 ; 0                 ; 0                 ; 0                 ; 0                 ; 1                 ; 0                ; 0                ; 0                ; 0                ; 0                ; 0                ; 0                ; 0                ; 0                ; 1                ;
; current_state.S11 ; 0                 ; 0                 ; 0                 ; 0                 ; 0                 ; 0                 ; 1                 ; 0                 ; 0                ; 0                ; 0                ; 0                ; 0                ; 0                ; 0                ; 0                ; 0                ; 1                ;
; current_state.S12 ; 0                 ; 0                 ; 0                 ; 0                 ; 0                 ; 1                 ; 0                 ; 0                 ; 0                ; 0                ; 0                ; 0                ; 0                ; 0                ; 0                ; 0                ; 0                ; 1                ;
; current_state.S13 ; 0                 ; 0                 ; 0                 ; 0                 ; 1                 ; 0                 ; 0                 ; 0                 ; 0                ; 0                ; 0                ; 0                ; 0                ; 0                ; 0                ; 0                ; 0                ; 1                ;
; current_state.S14 ; 0                 ; 0                 ; 0                 ; 1                 ; 0                 ; 0                 ; 0                 ; 0                 ; 0                ; 0                ; 0                ; 0                ; 0                ; 0                ; 0                ; 0                ; 0                ; 1                ;
; current_state.s15 ; 0                 ; 0                 ; 1                 ; 0                 ; 0                 ; 0                 ; 0                 ; 0                 ; 0                ; 0                ; 0                ; 0                ; 0                ; 0                ; 0                ; 0                ; 0                ; 1                ;
; current_state.s16 ; 0                 ; 1                 ; 0                 ; 0                 ; 0                 ; 0                 ; 0                 ; 0                 ; 0                ; 0                ; 0                ; 0                ; 0                ; 0                ; 0                ; 0                ; 0                ; 1                ;
; current_state.s17 ; 1                 ; 0                 ; 0                 ; 0                 ; 0                 ; 0                 ; 0                 ; 0                 ; 0                ; 0                ; 0                ; 0                ; 0                ; 0                ; 0                ; 0                ; 0                ; 1                ;
+-------------------+-------------------+-------------------+-------------------+-------------------+-------------------+-------------------+-------------------+-------------------+------------------+------------------+------------------+------------------+------------------+------------------+------------------+------------------+------------------+------------------+


+------------------------------------------------------+
; General Register Statistics                          ;
+----------------------------------------------+-------+
; Statistic                                    ; Value ;
+----------------------------------------------+-------+
; Total registers                              ; 108   ;
; Number of registers using Synchronous Clear  ; 0     ;
; Number of registers using Synchronous Load   ; 0     ;
; Number of registers using Asynchronous Clear ; 97    ;
; Number of registers using Asynchronous Load  ; 0     ;
; Number of registers using Clock Enable       ; 2     ;
; Number of registers using Preset             ; 0     ;
+----------------------------------------------+-------+


+---------------------------------------------------+
; Inverted Register Statistics                      ;
+-----------------------------------------+---------+
; Inverted Register                       ; Fan out ;
+-----------------------------------------+---------+
; cycle_generator:GEN2|bin_counter[22]    ; 2       ;
; cycle_generator:GEN2|bin_counter[19]    ; 2       ;
; cycle_generator:GEN2|bin_counter[18]    ; 2       ;
; cycle_generator:GEN2|bin_counter[14]    ; 2       ;
; cycle_generator:GEN2|bin_counter[11]    ; 2       ;
; cycle_generator:GEN2|bin_counter[9]     ; 2       ;
; cycle_generator:GEN2|bin_counter[8]     ; 2       ;
; cycle_generator:GEN2|bin_counter[6]     ; 2       ;
; cycle_generator:GEN1|bin_counter[24]    ; 2       ;
; cycle_generator:GEN1|bin_counter[22]    ; 2       ;
; cycle_generator:GEN1|bin_counter[21]    ; 2       ;
; cycle_generator:GEN1|bin_counter[20]    ; 2       ;
; cycle_generator:GEN1|bin_counter[19]    ; 2       ;
; cycle_generator:GEN1|bin_counter[18]    ; 2       ;
; cycle_generator:GEN1|bin_counter[16]    ; 2       ;
; cycle_generator:GEN1|bin_counter[14]    ; 2       ;
; cycle_generator:GEN1|bin_counter[13]    ; 2       ;
; cycle_generator:GEN1|bin_counter[12]    ; 2       ;
; cycle_generator:GEN1|bin_counter[11]    ; 2       ;
; cycle_generator:GEN1|bin_counter[6]     ; 2       ;
; Total number of inverted registers = 20 ;         ;
+-----------------------------------------+---------+


+------------------------------------------------------------------------------------------------------------------------------------------------------------------------------+
; Multiplexer Restructuring Statistics (Restructuring Performed)                                                                                                               ;
+--------------------+-----------+---------------+----------------------+------------------------+------------+----------------------------------------------------------------+
; Multiplexer Inputs ; Bus Width ; Baseline Area ; Area if Restructured ; Saving if Restructured ; Registered ; Example Multiplexer Output                                     ;
+--------------------+-----------+---------------+----------------------+------------------------+------------+----------------------------------------------------------------+
; 3:1                ; 2 bits    ; 4 LEs         ; 2 LEs                ; 2 LEs                  ; No         ; |LogicalStep_Lab5_top|Moore_state:state_machine|east_west[3]   ;
; 7:1                ; 2 bits    ; 8 LEs         ; 2 LEs                ; 6 LEs                  ; No         ; |LogicalStep_Lab5_top|Moore_state:state_machine|north_south[3] ;
; 13:1               ; 4 bits    ; 32 LEs        ; 32 LEs               ; 0 LEs                  ; No         ; |LogicalStep_Lab5_top|Moore_state:state_machine|east_west[3]   ;
; 17:1               ; 3 bits    ; 33 LEs        ; 30 LEs               ; 3 LEs                  ; No         ; |LogicalStep_Lab5_top|Moore_state:state_machine|east_west[1]   ;
+--------------------+-----------+---------------+----------------------+------------------------+------------+----------------------------------------------------------------+


+--------------------------------------------------+
; Port Connectivity Checks: "cycle_generator:GEN2" ;
+----------------+-------+----------+--------------+
; Port           ; Type  ; Severity ; Details      ;
+----------------+-------+----------+--------------+
; modulo[19..18] ; Input ; Info     ; Stuck at VCC ;
; modulo[9..8]   ; Input ; Info     ; Stuck at VCC ;
; modulo[31..23] ; Input ; Info     ; Stuck at GND ;
; modulo[21..20] ; Input ; Info     ; Stuck at GND ;
; modulo[17..15] ; Input ; Info     ; Stuck at GND ;
; modulo[13..12] ; Input ; Info     ; Stuck at GND ;
; modulo[5..0]   ; Input ; Info     ; Stuck at GND ;
; modulo[22]     ; Input ; Info     ; Stuck at VCC ;
; modulo[14]     ; Input ; Info     ; Stuck at VCC ;
; modulo[11]     ; Input ; Info     ; Stuck at VCC ;
; modulo[10]     ; Input ; Info     ; Stuck at GND ;
; modulo[7]      ; Input ; Info     ; Stuck at GND ;
; modulo[6]      ; Input ; Info     ; Stuck at VCC ;
+----------------+-------+----------+--------------+


+--------------------------------------------------------------------------------------------------------------------------+
; Port Connectivity Checks: "cycle_generator:GEN1"                                                                         ;
+----------------+--------+----------+-------------------------------------------------------------------------------------+
; Port           ; Type   ; Severity ; Details                                                                             ;
+----------------+--------+----------+-------------------------------------------------------------------------------------+
; modulo[22..18] ; Input  ; Info     ; Stuck at VCC                                                                        ;
; modulo[14..11] ; Input  ; Info     ; Stuck at VCC                                                                        ;
; modulo[31..25] ; Input  ; Info     ; Stuck at GND                                                                        ;
; modulo[10..7]  ; Input  ; Info     ; Stuck at GND                                                                        ;
; modulo[5..0]   ; Input  ; Info     ; Stuck at GND                                                                        ;
; modulo[24]     ; Input  ; Info     ; Stuck at VCC                                                                        ;
; modulo[23]     ; Input  ; Info     ; Stuck at GND                                                                        ;
; modulo[17]     ; Input  ; Info     ; Stuck at GND                                                                        ;
; modulo[16]     ; Input  ; Info     ; Stuck at VCC                                                                        ;
; modulo[15]     ; Input  ; Info     ; Stuck at GND                                                                        ;
; modulo[6]      ; Input  ; Info     ; Stuck at VCC                                                                        ;
; full_cycle_out ; Output ; Info     ; Connected to dangling logic. Logic that only feeds a dangling port will be removed. ;
+----------------+--------+----------+-------------------------------------------------------------------------------------+


+-----------------------------------------------------+
; Post-Synthesis Netlist Statistics for Top Partition ;
+-----------------------+-----------------------------+
; Type                  ; Count                       ;
+-----------------------+-----------------------------+
; boundary_port         ; 31                          ;
; cycloneiii_ff         ; 108                         ;
;     CLR               ; 95                          ;
;     ENA CLR           ; 2                           ;
;     plain             ; 11                          ;
; cycloneiii_io_obuf    ; 1                           ;
; cycloneiii_lcell_comb ; 232                         ;
;     arith             ; 71                          ;
;         2 data inputs ; 70                          ;
;         3 data inputs ; 1                           ;
;     normal            ; 161                         ;
;         0 data inputs ; 1                           ;
;         1 data inputs ; 28                          ;
;         2 data inputs ; 70                          ;
;         3 data inputs ; 7                           ;
;         4 data inputs ; 55                          ;
;                       ;                             ;
; Max LUT depth         ; 5.10                        ;
; Average LUT depth     ; 3.64                        ;
+-----------------------+-----------------------------+


+-------------------------------+
; Elapsed Time Per Partition    ;
+----------------+--------------+
; Partition Name ; Elapsed Time ;
+----------------+--------------+
; Top            ; 00:00:07     ;
+----------------+--------------+


+-------------------------------+
; Analysis & Synthesis Messages ;
+-------------------------------+
Info: *******************************************************************
Info: Running Quartus Prime Analysis & Synthesis
    Info: Version 15.1.0 Build 185 10/21/2015 SJ Standard Edition
    Info: Processing started: Thu Jul 20 08:56:08 2017
Info: Command: quartus_map --read_settings_files=on --write_settings_files=off LogicalStep_Lab5 -c LogicalStep_Lab5_top
Info (20030): Parallel compilation is enabled and will use 2 of the 2 processors detected
Info (12021): Found 2 design units, including 1 entities, in source file logicalstep_lab5_top.vhd
    Info (12022): Found design unit 1: LogicalStep_Lab5_top-SimpleCircuit File: N:/VHDL/Lab5/LogicalStep_Lab5_top.vhd Line: 20
    Info (12023): Found entity 1: LogicalStep_Lab5_top File: N:/VHDL/Lab5/LogicalStep_Lab5_top.vhd Line: 6
Info (12021): Found 2 design units, including 1 entities, in source file segment7_mux.vhd
    Info (12022): Found design unit 1: segment7_mux-syn File: N:/VHDL/Lab5/segment7_mux.vhd Line: 67
    Info (12023): Found entity 1: segment7_mux File: N:/VHDL/Lab5/segment7_mux.vhd Line: 52
Info (12021): Found 2 design units, including 1 entities, in source file cycle_generator.vhd
    Info (12022): Found design unit 1: cycle_generator-counter File: N:/VHDL/Lab5/cycle_generator.vhd Line: 14
    Info (12023): Found entity 1: cycle_generator File: N:/VHDL/Lab5/cycle_generator.vhd Line: 5
Info (12021): Found 2 design units, including 1 entities, in source file moore_state.vhd
    Info (12022): Found design unit 1: Moore_state-definition File: N:/VHDL/Lab5/Moore_state.vhd Line: 27
    Info (12023): Found entity 1: Moore_state File: N:/VHDL/Lab5/Moore_state.vhd Line: 5
Info (12021): Found 2 design units, including 1 entities, in source file synchronizer.vhd
    Info (12022): Found design unit 1: Synchronizer-definition File: N:/VHDL/Lab5/Synchronizer.vhd Line: 16
    Info (12023): Found entity 1: Synchronizer File: N:/VHDL/Lab5/Synchronizer.vhd Line: 6
Info (12021): Found 2 design units, including 1 entities, in source file latch.vhd
    Info (12022): Found design unit 1: Latch_Saver-definition File: N:/VHDL/Lab5/Latch.vhd Line: 17
    Info (12023): Found entity 1: Latch_Saver File: N:/VHDL/Lab5/Latch.vhd Line: 5
Info (12127): Elaborating entity "LogicalStep_Lab5_top" for the top level hierarchy
Warning (10036): Verilog HDL or VHDL warning at LogicalStep_Lab5_top.vhd(104): object "clken1" assigned a value but never read File: N:/VHDL/Lab5/LogicalStep_Lab5_top.vhd Line: 104
Info (12128): Elaborating entity "cycle_generator" for hierarchy "cycle_generator:GEN1" File: N:/VHDL/Lab5/LogicalStep_Lab5_top.vhd Line: 144
Warning (10036): Verilog HDL or VHDL warning at cycle_generator.vhd(18): object "half_cycle" assigned a value but never read File: N:/VHDL/Lab5/cycle_generator.vhd Line: 18
Warning (10492): VHDL Process Statement warning at cycle_generator.vhd(32): signal "modulo" is read inside the Process Statement but isn't in the Process Statement's sensitivity list File: N:/VHDL/Lab5/cycle_generator.vhd Line: 32
Warning (10492): VHDL Process Statement warning at cycle_generator.vhd(45): signal "bin_counter" is read inside the Process Statement but isn't in the Process Statement's sensitivity list File: N:/VHDL/Lab5/cycle_generator.vhd Line: 45
Warning (10492): VHDL Process Statement warning at cycle_generator.vhd(46): signal "terminal_count" is read inside the Process Statement but isn't in the Process Statement's sensitivity list File: N:/VHDL/Lab5/cycle_generator.vhd Line: 46
Warning (10492): VHDL Process Statement warning at cycle_generator.vhd(59): signal "strobe" is read inside the Process Statement but isn't in the Process Statement's sensitivity list File: N:/VHDL/Lab5/cycle_generator.vhd Line: 59
Warning (12125): Using design file sevensegment.vhd, which is not specified as a design file for the current project, but contains definitions for 2 design units and 1 entities in project
    Info (12022): Found design unit 1: SevenSegment-Behavioral File: N:/VHDL/Lab5/sevensegment.vhd Line: 20
    Info (12023): Found entity 1: SevenSegment File: N:/VHDL/Lab5/sevensegment.vhd Line: 12
Info (12128): Elaborating entity "SevenSegment" for hierarchy "SevenSegment:Left_Segment" File: N:/VHDL/Lab5/LogicalStep_Lab5_top.vhd Line: 148
Info (12128): Elaborating entity "segment7_mux" for hierarchy "segment7_mux:Display_driver" File: N:/VHDL/Lab5/LogicalStep_Lab5_top.vhd Line: 151
Info (12128): Elaborating entity "Moore_state" for hierarchy "Moore_state:state_machine" File: N:/VHDL/Lab5/LogicalStep_Lab5_top.vhd Line: 154
Warning (10492): VHDL Process Statement warning at Moore_state.vhd(44): signal "current_state" is read inside the Process Statement but isn't in the Process Statement's sensitivity list File: N:/VHDL/Lab5/Moore_state.vhd Line: 44
Warning (10492): VHDL Process Statement warning at Moore_state.vhd(96): signal "safe_mode" is read inside the Process Statement but isn't in the Process Statement's sensitivity list File: N:/VHDL/Lab5/Moore_state.vhd Line: 96
Warning (10492): VHDL Process Statement warning at Moore_state.vhd(98): signal "night_mode" is read inside the Process Statement but isn't in the Process Statement's sensitivity list File: N:/VHDL/Lab5/Moore_state.vhd Line: 98
Warning (10492): VHDL Process Statement warning at Moore_state.vhd(146): signal "safe_mode" is read inside the Process Statement but isn't in the Process Statement's sensitivity list File: N:/VHDL/Lab5/Moore_state.vhd Line: 146
Warning (10492): VHDL Process Statement warning at Moore_state.vhd(148): signal "night_mode" is read inside the Process Statement but isn't in the Process Statement's sensitivity list File: N:/VHDL/Lab5/Moore_state.vhd Line: 148
Warning (10492): VHDL Process Statement warning at Moore_state.vhd(156): signal "night_mode" is read inside the Process Statement but isn't in the Process Statement's sensitivity list File: N:/VHDL/Lab5/Moore_state.vhd Line: 156
Warning (10492): VHDL Process Statement warning at Moore_state.vhd(156): signal "safe_mode" is read inside the Process Statement but isn't in the Process Statement's sensitivity list File: N:/VHDL/Lab5/Moore_state.vhd Line: 156
Warning (10492): VHDL Process Statement warning at Moore_state.vhd(158): signal "night_mode" is read inside the Process Statement but isn't in the Process Statement's sensitivity list File: N:/VHDL/Lab5/Moore_state.vhd Line: 158
Warning (10492): VHDL Process Statement warning at Moore_state.vhd(158): signal "safe_mode" is read inside the Process Statement but isn't in the Process Statement's sensitivity list File: N:/VHDL/Lab5/Moore_state.vhd Line: 158
Warning (10492): VHDL Process Statement warning at Moore_state.vhd(160): signal "night_mode" is read inside the Process Statement but isn't in the Process Statement's sensitivity list File: N:/VHDL/Lab5/Moore_state.vhd Line: 160
Warning (10492): VHDL Process Statement warning at Moore_state.vhd(160): signal "safe_mode" is read inside the Process Statement but isn't in the Process Statement's sensitivity list File: N:/VHDL/Lab5/Moore_state.vhd Line: 160
Warning (10492): VHDL Process Statement warning at Moore_state.vhd(167): signal "night_mode" is read inside the Process Statement but isn't in the Process Statement's sensitivity list File: N:/VHDL/Lab5/Moore_state.vhd Line: 167
Warning (10492): VHDL Process Statement warning at Moore_state.vhd(167): signal "safe_mode" is read inside the Process Statement but isn't in the Process Statement's sensitivity list File: N:/VHDL/Lab5/Moore_state.vhd Line: 167
Warning (10492): VHDL Process Statement warning at Moore_state.vhd(169): signal "night_mode" is read inside the Process Statement but isn't in the Process Statement's sensitivity list File: N:/VHDL/Lab5/Moore_state.vhd Line: 169
Warning (10492): VHDL Process Statement warning at Moore_state.vhd(169): signal "safe_mode" is read inside the Process Statement but isn't in the Process Statement's sensitivity list File: N:/VHDL/Lab5/Moore_state.vhd Line: 169
Info (10041): Inferred latch for "east_west[0]" at Moore_state.vhd(224) File: N:/VHDL/Lab5/Moore_state.vhd Line: 224
Info (10041): Inferred latch for "east_west[1]" at Moore_state.vhd(224) File: N:/VHDL/Lab5/Moore_state.vhd Line: 224
Info (10041): Inferred latch for "east_west[2]" at Moore_state.vhd(224) File: N:/VHDL/Lab5/Moore_state.vhd Line: 224
Info (10041): Inferred latch for "east_west[3]" at Moore_state.vhd(224) File: N:/VHDL/Lab5/Moore_state.vhd Line: 224
Info (10041): Inferred latch for "east_west[4]" at Moore_state.vhd(224) File: N:/VHDL/Lab5/Moore_state.vhd Line: 224
Info (10041): Inferred latch for "east_west[5]" at Moore_state.vhd(224) File: N:/VHDL/Lab5/Moore_state.vhd Line: 224
Info (10041): Inferred latch for "north_south[0]" at Moore_state.vhd(201) File: N:/VHDL/Lab5/Moore_state.vhd Line: 201
Info (10041): Inferred latch for "north_south[1]" at Moore_state.vhd(201) File: N:/VHDL/Lab5/Moore_state.vhd Line: 201
Info (10041): Inferred latch for "north_south[2]" at Moore_state.vhd(201) File: N:/VHDL/Lab5/Moore_state.vhd Line: 201
Info (10041): Inferred latch for "north_south[3]" at Moore_state.vhd(201) File: N:/VHDL/Lab5/Moore_state.vhd Line: 201
Info (10041): Inferred latch for "north_south[4]" at Moore_state.vhd(201) File: N:/VHDL/Lab5/Moore_state.vhd Line: 201
Info (10041): Inferred latch for "north_south[5]" at Moore_state.vhd(201) File: N:/VHDL/Lab5/Moore_state.vhd Line: 201
Info (10041): Inferred latch for "state_number[0]" at Moore_state.vhd(182) File: N:/VHDL/Lab5/Moore_state.vhd Line: 182
Info (10041): Inferred latch for "state_number[1]" at Moore_state.vhd(182) File: N:/VHDL/Lab5/Moore_state.vhd Line: 182
Info (10041): Inferred latch for "state_number[2]" at Moore_state.vhd(182) File: N:/VHDL/Lab5/Moore_state.vhd Line: 182
Info (10041): Inferred latch for "state_number[3]" at Moore_state.vhd(182) File: N:/VHDL/Lab5/Moore_state.vhd Line: 182
Info (12128): Elaborating entity "Synchronizer" for hierarchy "Synchronizer:ns_sync" File: N:/VHDL/Lab5/LogicalStep_Lab5_top.vhd Line: 167
Warning (10492): VHDL Process Statement warning at Synchronizer.vhd(32): signal "intern" is read inside the Process Statement but isn't in the Process Statement's sensitivity list File: N:/VHDL/Lab5/Synchronizer.vhd Line: 32
Warning (10492): VHDL Process Statement warning at Synchronizer.vhd(44): signal "output" is read inside the Process Statement but isn't in the Process Statement's sensitivity list File: N:/VHDL/Lab5/Synchronizer.vhd Line: 44
Info (12128): Elaborating entity "Latch_Saver" for hierarchy "Latch_Saver:ns_latch" File: N:/VHDL/Lab5/LogicalStep_Lab5_top.vhd Line: 171
Warning (10492): VHDL Process Statement warning at Latch.vhd(27): signal "enable" is read inside the Process Statement but isn't in the Process Statement's sensitivity list File: N:/VHDL/Lab5/Latch.vhd Line: 27
Warning (10492): VHDL Process Statement warning at Latch.vhd(31): signal "output" is read inside the Process Statement but isn't in the Process Statement's sensitivity list File: N:/VHDL/Lab5/Latch.vhd Line: 31
Warning (13030): Reduced the following open-drain buffers that are fed by GND
    Warning (13031): Reduced fanout from the always-enabled open-drain buffer "segment7_mux:Display_driver|DOUT[1]" to the output pin "seg7_data[1]" to GND File: N:/VHDL/Lab5/segment7_mux.vhd Line: 57
    Warning (13031): Reduced fanout from the always-enabled open-drain buffer "segment7_mux:Display_driver|DOUT[5]" to the output pin "seg7_data[5]" to GND File: N:/VHDL/Lab5/segment7_mux.vhd Line: 57
Info (13000): Registers with preset signals will power-up high File: N:/VHDL/Lab5/cycle_generator.vhd Line: 31
Info (13003): DEV_CLRn pin will set, and not reset, register with preset signal due to NOT Gate Push-Back
Warning (13024): Output pins are stuck at VCC or GND
    Warning (13410): Pin "seg7_data[1]" is stuck at GND File: N:/VHDL/Lab5/LogicalStep_Lab5_top.vhd Line: 14
    Warning (13410): Pin "seg7_data[2]" is stuck at GND File: N:/VHDL/Lab5/LogicalStep_Lab5_top.vhd Line: 14
    Warning (13410): Pin "seg7_data[4]" is stuck at GND File: N:/VHDL/Lab5/LogicalStep_Lab5_top.vhd Line: 14
    Warning (13410): Pin "seg7_data[5]" is stuck at GND File: N:/VHDL/Lab5/LogicalStep_Lab5_top.vhd Line: 14
Info (286030): Timing-Driven Synthesis is running
Info (16010): Generating hard_block partition "hard_block:auto_generated_inst"
    Info (16011): Adding 0 node(s), including 0 DDIO, 0 PLL, 0 transceiver and 0 LCELL
Warning (21074): Design contains 8 input pin(s) that do not drive logic
    Warning (15610): No output dependent on input pin "pb[2]" File: N:/VHDL/Lab5/LogicalStep_Lab5_top.vhd Line: 11
    Warning (15610): No output dependent on input pin "pb[3]" File: N:/VHDL/Lab5/LogicalStep_Lab5_top.vhd Line: 11
    Warning (15610): No output dependent on input pin "sw[2]" File: N:/VHDL/Lab5/LogicalStep_Lab5_top.vhd Line: 12
    Warning (15610): No output dependent on input pin "sw[3]" File: N:/VHDL/Lab5/LogicalStep_Lab5_top.vhd Line: 12
    Warning (15610): No output dependent on input pin "sw[4]" File: N:/VHDL/Lab5/LogicalStep_Lab5_top.vhd Line: 12
    Warning (15610): No output dependent on input pin "sw[5]" File: N:/VHDL/Lab5/LogicalStep_Lab5_top.vhd Line: 12
    Warning (15610): No output dependent on input pin "sw[6]" File: N:/VHDL/Lab5/LogicalStep_Lab5_top.vhd Line: 12
    Warning (15610): No output dependent on input pin "sw[7]" File: N:/VHDL/Lab5/LogicalStep_Lab5_top.vhd Line: 12
Info (21057): Implemented 270 device resources after synthesis - the final resource count might be different
    Info (21058): Implemented 14 input pins
    Info (21059): Implemented 17 output pins
    Info (21061): Implemented 239 logic cells
Info: Quartus Prime Analysis & Synthesis was successful. 0 errors, 43 warnings
    Info: Peak virtual memory: 860 megabytes
    Info: Processing ended: Thu Jul 20 08:57:10 2017
    Info: Elapsed time: 00:01:02
    Info: Total CPU time (on all processors): 00:01:00


