Analysis & Synthesis report for LogicalStep_Lab4_top
Sun Jul 02 20:45:21 2017
Quartus Prime Version 15.1.0 Build 185 10/21/2015 SJ Standard Edition


---------------------
; Table of Contents ;
---------------------
  1. Legal Notice
  2. Analysis & Synthesis Summary
  3. Analysis & Synthesis Settings
  4. Parallel Compilation
  5. Analysis & Synthesis Source Files Read
  6. Analysis & Synthesis Resource Usage Summary
  7. Analysis & Synthesis Resource Utilization by Entity
  8. State Machine - |LogicalStep_Lab4_top|Moore_state_machine:state_machine|current_state
  9. Registers Removed During Synthesis
 10. General Register Statistics
 11. Port Connectivity Checks: "Moore_state_machine:state_machine"
 12. Port Connectivity Checks: "Compx4:comp|Compx1:bit1"
 13. Post-Synthesis Netlist Statistics for Top Partition
 14. Elapsed Time Per Partition
 15. Analysis & Synthesis Messages



----------------
; Legal Notice ;
----------------
Copyright (C) 1991-2015 Altera Corporation. All rights reserved.
Your use of Altera Corporation's design tools, logic functions 
and other software and tools, and its AMPP partner logic 
functions, and any output files from any of the foregoing 
(including device programming or simulation files), and any 
associated documentation or information are expressly subject 
to the terms and conditions of the Altera Program License 
Subscription Agreement, the Altera Quartus Prime License Agreement,
the Altera MegaCore Function License Agreement, or other 
applicable license agreement, including, without limitation, 
that your use is for the sole purpose of programming logic 
devices manufactured by Altera and sold by Altera or its 
authorized distributors.  Please refer to the applicable 
agreement for further details.



+--------------------------------------------------------------------------------------+
; Analysis & Synthesis Summary                                                         ;
+------------------------------------+-------------------------------------------------+
; Analysis & Synthesis Status        ; Successful - Sun Jul 02 20:45:21 2017           ;
; Quartus Prime Version              ; 15.1.0 Build 185 10/21/2015 SJ Standard Edition ;
; Revision Name                      ; LogicalStep_Lab4_top                            ;
; Top-level Entity Name              ; LogicalStep_Lab4_top                            ;
; Family                             ; MAX 10                                          ;
; Total logic elements               ; 89                                              ;
;     Total combinational functions  ; 89                                              ;
;     Dedicated logic registers      ; 39                                              ;
; Total registers                    ; 39                                              ;
; Total pins                         ; 31                                              ;
; Total virtual pins                 ; 0                                               ;
; Total memory bits                  ; 0                                               ;
; Embedded Multiplier 9-bit elements ; 0                                               ;
; Total PLLs                         ; 0                                               ;
; UFM blocks                         ; 0                                               ;
; ADC blocks                         ; 0                                               ;
+------------------------------------+-------------------------------------------------+


+--------------------------------------------------------------------------------------------------------------------------+
; Analysis & Synthesis Settings                                                                                            ;
+----------------------------------------------------------------------------+----------------------+----------------------+
; Option                                                                     ; Setting              ; Default Value        ;
+----------------------------------------------------------------------------+----------------------+----------------------+
; Device                                                                     ; 10M08SAE144C8G       ;                      ;
; Top-level entity name                                                      ; LogicalStep_Lab4_top ; LogicalStep_Lab4_top ;
; Family name                                                                ; MAX 10               ; Cyclone V            ;
; Use smart compilation                                                      ; Off                  ; Off                  ;
; Enable parallel Assembler and TimeQuest Timing Analyzer during compilation ; On                   ; On                   ;
; Enable compact report table                                                ; Off                  ; Off                  ;
; Restructure Multiplexers                                                   ; Auto                 ; Auto                 ;
; Create Debugging Nodes for IP Cores                                        ; Off                  ; Off                  ;
; Preserve fewer node names                                                  ; On                   ; On                   ;
; Disable OpenCore Plus hardware evaluation                                  ; Off                  ; Off                  ;
; Verilog Version                                                            ; Verilog_2001         ; Verilog_2001         ;
; VHDL Version                                                               ; VHDL_1993            ; VHDL_1993            ;
; State Machine Processing                                                   ; Auto                 ; Auto                 ;
; Safe State Machine                                                         ; Off                  ; Off                  ;
; Extract Verilog State Machines                                             ; On                   ; On                   ;
; Extract VHDL State Machines                                                ; On                   ; On                   ;
; Ignore Verilog initial constructs                                          ; Off                  ; Off                  ;
; Iteration limit for constant Verilog loops                                 ; 5000                 ; 5000                 ;
; Iteration limit for non-constant Verilog loops                             ; 250                  ; 250                  ;
; Add Pass-Through Logic to Inferred RAMs                                    ; On                   ; On                   ;
; Infer RAMs from Raw Logic                                                  ; On                   ; On                   ;
; Parallel Synthesis                                                         ; On                   ; On                   ;
; DSP Block Balancing                                                        ; Auto                 ; Auto                 ;
; NOT Gate Push-Back                                                         ; On                   ; On                   ;
; Power-Up Don't Care                                                        ; On                   ; On                   ;
; Remove Redundant Logic Cells                                               ; Off                  ; Off                  ;
; Remove Duplicate Registers                                                 ; On                   ; On                   ;
; Ignore CARRY Buffers                                                       ; Off                  ; Off                  ;
; Ignore CASCADE Buffers                                                     ; Off                  ; Off                  ;
; Ignore GLOBAL Buffers                                                      ; Off                  ; Off                  ;
; Ignore ROW GLOBAL Buffers                                                  ; Off                  ; Off                  ;
; Ignore LCELL Buffers                                                       ; Off                  ; Off                  ;
; Ignore SOFT Buffers                                                        ; On                   ; On                   ;
; Limit AHDL Integers to 32 Bits                                             ; Off                  ; Off                  ;
; Optimization Technique                                                     ; Balanced             ; Balanced             ;
; Carry Chain Length                                                         ; 70                   ; 70                   ;
; Auto Carry Chains                                                          ; On                   ; On                   ;
; Auto Open-Drain Pins                                                       ; On                   ; On                   ;
; Perform WYSIWYG Primitive Resynthesis                                      ; Off                  ; Off                  ;
; Auto ROM Replacement                                                       ; On                   ; On                   ;
; Auto RAM Replacement                                                       ; On                   ; On                   ;
; Auto DSP Block Replacement                                                 ; On                   ; On                   ;
; Auto Shift Register Replacement                                            ; Auto                 ; Auto                 ;
; Allow Shift Register Merging across Hierarchies                            ; Auto                 ; Auto                 ;
; Auto Clock Enable Replacement                                              ; On                   ; On                   ;
; Strict RAM Replacement                                                     ; Off                  ; Off                  ;
; Allow Synchronous Control Signals                                          ; On                   ; On                   ;
; Force Use of Synchronous Clear Signals                                     ; Off                  ; Off                  ;
; Auto RAM Block Balancing                                                   ; On                   ; On                   ;
; Auto RAM to Logic Cell Conversion                                          ; Off                  ; Off                  ;
; Auto Resource Sharing                                                      ; Off                  ; Off                  ;
; Allow Any RAM Size For Recognition                                         ; Off                  ; Off                  ;
; Allow Any ROM Size For Recognition                                         ; Off                  ; Off                  ;
; Allow Any Shift Register Size For Recognition                              ; Off                  ; Off                  ;
; Use LogicLock Constraints during Resource Balancing                        ; On                   ; On                   ;
; Ignore translate_off and synthesis_off directives                          ; Off                  ; Off                  ;
; Timing-Driven Synthesis                                                    ; On                   ; On                   ;
; Report Parameter Settings                                                  ; On                   ; On                   ;
; Report Source Assignments                                                  ; On                   ; On                   ;
; Report Connectivity Checks                                                 ; On                   ; On                   ;
; Ignore Maximum Fan-Out Assignments                                         ; Off                  ; Off                  ;
; Synchronization Register Chain Length                                      ; 2                    ; 2                    ;
; PowerPlay Power Optimization During Synthesis                              ; Normal compilation   ; Normal compilation   ;
; HDL message level                                                          ; Level2               ; Level2               ;
; Suppress Register Optimization Related Messages                            ; Off                  ; Off                  ;
; Number of Removed Registers Reported in Synthesis Report                   ; 5000                 ; 5000                 ;
; Number of Swept Nodes Reported in Synthesis Report                         ; 5000                 ; 5000                 ;
; Number of Inverted Registers Reported in Synthesis Report                  ; 100                  ; 100                  ;
; Clock MUX Protection                                                       ; On                   ; On                   ;
; Auto Gated Clock Conversion                                                ; Off                  ; Off                  ;
; Block Design Naming                                                        ; Auto                 ; Auto                 ;
; SDC constraint protection                                                  ; Off                  ; Off                  ;
; Synthesis Effort                                                           ; Auto                 ; Auto                 ;
; Shift Register Replacement - Allow Asynchronous Clear Signal               ; On                   ; On                   ;
; Pre-Mapping Resynthesis Optimization                                       ; Off                  ; Off                  ;
; Analysis & Synthesis Message Level                                         ; Medium               ; Medium               ;
; Disable Register Merging Across Hierarchies                                ; Auto                 ; Auto                 ;
; Resource Aware Inference For Block RAM                                     ; On                   ; On                   ;
; Synthesis Seed                                                             ; 1                    ; 1                    ;
+----------------------------------------------------------------------------+----------------------+----------------------+


+------------------------------------------+
; Parallel Compilation                     ;
+----------------------------+-------------+
; Processors                 ; Number      ;
+----------------------------+-------------+
; Number detected on machine ; 4           ;
; Maximum allowed            ; 2           ;
;                            ;             ;
; Average used               ; 1.00        ;
; Maximum used               ; 2           ;
;                            ;             ;
; Usage by Processor         ; % Time Used ;
;     Processor 1            ; 100.0%      ;
;     Processor 2            ; < 0.1%      ;
+----------------------------+-------------+


+------------------------------------------------------------------------------------------------------------------------+
; Analysis & Synthesis Source Files Read                                                                                 ;
+----------------------------------+-----------------+-----------------+---------------------------------------+---------+
; File Name with User-Entered Path ; Used in Netlist ; File Type       ; File Name with Absolute Path          ; Library ;
+----------------------------------+-----------------+-----------------+---------------------------------------+---------+
; SevenSegment.vhd                 ; yes             ; User VHDL File  ; N:/VHDL/Lab4/SevenSegment.vhd         ;         ;
; segment7_mux.vhd                 ; yes             ; User VHDL File  ; N:/VHDL/Lab4/segment7_mux.vhd         ;         ;
; Compx4.vhd                       ; yes             ; User VHDL File  ; N:/VHDL/Lab4/Compx4.vhd               ;         ;
; Compx1.vhd                       ; yes             ; User VHDL File  ; N:/VHDL/Lab4/Compx1.vhd               ;         ;
; LogicalStep_Lab4_top.vhd         ; yes             ; User VHDL File  ; N:/VHDL/Lab4/LogicalStep_Lab4_top.vhd ;         ;
; Moore_state_machine.vhd          ; yes             ; User VHDL File  ; N:/VHDL/Lab4/Moore_state_machine.vhd  ;         ;
+----------------------------------+-----------------+-----------------+---------------------------------------+---------+


+--------------------------------------------------------------+
; Analysis & Synthesis Resource Usage Summary                  ;
+---------------------------------------------+----------------+
; Resource                                    ; Usage          ;
+---------------------------------------------+----------------+
; Estimated Total logic elements              ; 89             ;
;                                             ;                ;
; Total combinational functions               ; 89             ;
; Logic element usage by number of LUT inputs ;                ;
;     -- 4 input functions                    ; 41             ;
;     -- 3 input functions                    ; 13             ;
;     -- <=2 input functions                  ; 35             ;
;                                             ;                ;
; Logic elements by mode                      ;                ;
;     -- normal mode                          ; 58             ;
;     -- arithmetic mode                      ; 31             ;
;                                             ;                ;
; Total registers                             ; 39             ;
;     -- Dedicated logic registers            ; 39             ;
;     -- I/O registers                        ; 0              ;
;                                             ;                ;
; I/O pins                                    ; 31             ;
;                                             ;                ;
; Embedded Multiplier 9-bit elements          ; 0              ;
;                                             ;                ;
; Maximum fan-out node                        ; clkin_50~input ;
; Maximum fan-out                             ; 24             ;
; Total fan-out                               ; 391            ;
; Average fan-out                             ; 2.06           ;
+---------------------------------------------+----------------+


+-------------------------------------------------------------------------------------------------------------------------------------------------------------------------------------------------------------------------------------------------------+
; Analysis & Synthesis Resource Utilization by Entity                                                                                                                                                                                                   ;
+----------------------------------------+-------------------+--------------+-------------+------------+--------------+---------+-----------+------+--------------+------------+---------------------------------------------------------+--------------+
; Compilation Hierarchy Node             ; LC Combinationals ; LC Registers ; Memory Bits ; UFM Blocks ; DSP Elements ; DSP 9x9 ; DSP 18x18 ; Pins ; Virtual Pins ; ADC blocks ; Full Hierarchy Name                                     ; Library Name ;
+----------------------------------------+-------------------+--------------+-------------+------------+--------------+---------+-----------+------+--------------+------------+---------------------------------------------------------+--------------+
; |LogicalStep_Lab4_top                  ; 89 (24)           ; 39 (23)      ; 0           ; 0          ; 0            ; 0       ; 0         ; 31   ; 0            ; 0          ; |LogicalStep_Lab4_top                                   ; work         ;
;    |Compx4:comp|                       ; 8 (0)             ; 0 (0)        ; 0           ; 0          ; 0            ; 0       ; 0         ; 0    ; 0            ; 0          ; |LogicalStep_Lab4_top|Compx4:comp                       ; work         ;
;       |Compx1:bit3|                    ; 1 (1)             ; 0 (0)        ; 0           ; 0          ; 0            ; 0       ; 0         ; 0    ; 0            ; 0          ; |LogicalStep_Lab4_top|Compx4:comp|Compx1:bit3           ; work         ;
;       |Compx1:bit4|                    ; 7 (7)             ; 0 (0)        ; 0           ; 0          ; 0            ; 0       ; 0         ; 0    ; 0            ; 0          ; |LogicalStep_Lab4_top|Compx4:comp|Compx1:bit4           ; work         ;
;    |Moore_state_machine:state_machine| ; 26 (26)           ; 15 (15)      ; 0           ; 0          ; 0            ; 0       ; 0         ; 0    ; 0            ; 0          ; |LogicalStep_Lab4_top|Moore_state_machine:state_machine ; work         ;
;    |SevenSegment:left_decoder|         ; 7 (7)             ; 0 (0)        ; 0           ; 0          ; 0            ; 0       ; 0         ; 0    ; 0            ; 0          ; |LogicalStep_Lab4_top|SevenSegment:left_decoder         ; work         ;
;    |SevenSegment:right_decoder|        ; 7 (7)             ; 0 (0)        ; 0           ; 0          ; 0            ; 0       ; 0         ; 0    ; 0            ; 0          ; |LogicalStep_Lab4_top|SevenSegment:right_decoder        ; work         ;
;    |segment7_mux:output|               ; 17 (17)           ; 1 (1)        ; 0           ; 0          ; 0            ; 0       ; 0         ; 0    ; 0            ; 0          ; |LogicalStep_Lab4_top|segment7_mux:output               ; work         ;
+----------------------------------------+-------------------+--------------+-------------+------------+--------------+---------+-----------+------+--------------+------------+---------------------------------------------------------+--------------+
Note: For table entries with two numbers listed, the numbers in parentheses indicate the number of resources of the given type used by the specific entity alone. The numbers listed outside of parentheses indicate the total resources of the given type used by the specific entity and all of its sub-entities in the hierarchy.


Encoding Type:  One-Hot
+-----------------------------------------------------------------------------------------------------------------------------------------------------------------------------------------------------------------------------------------------------------------------------------------------------------------------------------------+
; State Machine - |LogicalStep_Lab4_top|Moore_state_machine:state_machine|current_state                                                                                                                                                                                                                                                   ;
+-------------------+-------------------+-------------------+-------------------+-------------------+-------------------+-------------------+------------------+------------------+------------------+------------------+------------------+------------------+------------------+------------------+------------------+------------------+
; Name              ; current_state.s15 ; current_state.S14 ; current_state.S13 ; current_state.S12 ; current_state.S11 ; current_state.S10 ; current_state.S9 ; current_state.S8 ; current_state.S7 ; current_state.S6 ; current_state.S5 ; current_state.S4 ; current_state.S3 ; current_state.S2 ; current_state.S1 ; current_state.S0 ;
+-------------------+-------------------+-------------------+-------------------+-------------------+-------------------+-------------------+------------------+------------------+------------------+------------------+------------------+------------------+------------------+------------------+------------------+------------------+
; current_state.S0  ; 0                 ; 0                 ; 0                 ; 0                 ; 0                 ; 0                 ; 0                ; 0                ; 0                ; 0                ; 0                ; 0                ; 0                ; 0                ; 0                ; 0                ;
; current_state.S1  ; 0                 ; 0                 ; 0                 ; 0                 ; 0                 ; 0                 ; 0                ; 0                ; 0                ; 0                ; 0                ; 0                ; 0                ; 0                ; 1                ; 1                ;
; current_state.S2  ; 0                 ; 0                 ; 0                 ; 0                 ; 0                 ; 0                 ; 0                ; 0                ; 0                ; 0                ; 0                ; 0                ; 0                ; 1                ; 0                ; 1                ;
; current_state.S3  ; 0                 ; 0                 ; 0                 ; 0                 ; 0                 ; 0                 ; 0                ; 0                ; 0                ; 0                ; 0                ; 0                ; 1                ; 0                ; 0                ; 1                ;
; current_state.S4  ; 0                 ; 0                 ; 0                 ; 0                 ; 0                 ; 0                 ; 0                ; 0                ; 0                ; 0                ; 0                ; 1                ; 0                ; 0                ; 0                ; 1                ;
; current_state.S5  ; 0                 ; 0                 ; 0                 ; 0                 ; 0                 ; 0                 ; 0                ; 0                ; 0                ; 0                ; 1                ; 0                ; 0                ; 0                ; 0                ; 1                ;
; current_state.S6  ; 0                 ; 0                 ; 0                 ; 0                 ; 0                 ; 0                 ; 0                ; 0                ; 0                ; 1                ; 0                ; 0                ; 0                ; 0                ; 0                ; 1                ;
; current_state.S7  ; 0                 ; 0                 ; 0                 ; 0                 ; 0                 ; 0                 ; 0                ; 0                ; 1                ; 0                ; 0                ; 0                ; 0                ; 0                ; 0                ; 1                ;
; current_state.S8  ; 0                 ; 0                 ; 0                 ; 0                 ; 0                 ; 0                 ; 0                ; 1                ; 0                ; 0                ; 0                ; 0                ; 0                ; 0                ; 0                ; 1                ;
; current_state.S9  ; 0                 ; 0                 ; 0                 ; 0                 ; 0                 ; 0                 ; 1                ; 0                ; 0                ; 0                ; 0                ; 0                ; 0                ; 0                ; 0                ; 1                ;
; current_state.S10 ; 0                 ; 0                 ; 0                 ; 0                 ; 0                 ; 1                 ; 0                ; 0                ; 0                ; 0                ; 0                ; 0                ; 0                ; 0                ; 0                ; 1                ;
; current_state.S11 ; 0                 ; 0                 ; 0                 ; 0                 ; 1                 ; 0                 ; 0                ; 0                ; 0                ; 0                ; 0                ; 0                ; 0                ; 0                ; 0                ; 1                ;
; current_state.S12 ; 0                 ; 0                 ; 0                 ; 1                 ; 0                 ; 0                 ; 0                ; 0                ; 0                ; 0                ; 0                ; 0                ; 0                ; 0                ; 0                ; 1                ;
; current_state.S13 ; 0                 ; 0                 ; 1                 ; 0                 ; 0                 ; 0                 ; 0                ; 0                ; 0                ; 0                ; 0                ; 0                ; 0                ; 0                ; 0                ; 1                ;
; current_state.S14 ; 0                 ; 1                 ; 0                 ; 0                 ; 0                 ; 0                 ; 0                ; 0                ; 0                ; 0                ; 0                ; 0                ; 0                ; 0                ; 0                ; 1                ;
; current_state.s15 ; 1                 ; 0                 ; 0                 ; 0                 ; 0                 ; 0                 ; 0                ; 0                ; 0                ; 0                ; 0                ; 0                ; 0                ; 0                ; 0                ; 1                ;
+-------------------+-------------------+-------------------+-------------------+-------------------+-------------------+-------------------+------------------+------------------+------------------+------------------+------------------+------------------+------------------+------------------+------------------+------------------+


+-----------------------------------------------------------------------------------------------------------+
; Registers Removed During Synthesis                                                                        ;
+-----------------------------------------------------+-----------------------------------------------------+
; Register name                                       ; Reason for Removal                                  ;
+-----------------------------------------------------+-----------------------------------------------------+
; segment7_mux:output|\clk_proc:COUNT[0]              ; Merged with bin_counter[0]                          ;
; segment7_mux:output|\clk_proc:COUNT[1]              ; Merged with bin_counter[1]                          ;
; segment7_mux:output|\clk_proc:COUNT[2]              ; Merged with bin_counter[2]                          ;
; segment7_mux:output|\clk_proc:COUNT[3]              ; Merged with bin_counter[3]                          ;
; segment7_mux:output|\clk_proc:COUNT[4]              ; Merged with bin_counter[4]                          ;
; segment7_mux:output|\clk_proc:COUNT[5]              ; Merged with bin_counter[5]                          ;
; segment7_mux:output|\clk_proc:COUNT[6]              ; Merged with bin_counter[6]                          ;
; segment7_mux:output|\clk_proc:COUNT[7]              ; Merged with bin_counter[7]                          ;
; segment7_mux:output|\clk_proc:COUNT[8]              ; Merged with bin_counter[8]                          ;
; segment7_mux:output|\clk_proc:COUNT[9]              ; Merged with bin_counter[9]                          ;
; bin_counter[10]                                     ; Merged with segment7_mux:output|\clk_proc:COUNT[10] ;
; Moore_state_machine:state_machine|current_state.s15 ; Lost fanout                                         ;
; Total Number of Removed Registers = 12              ;                                                     ;
+-----------------------------------------------------+-----------------------------------------------------+


+------------------------------------------------------+
; General Register Statistics                          ;
+----------------------------------------------+-------+
; Statistic                                    ; Value ;
+----------------------------------------------+-------+
; Total registers                              ; 39    ;
; Number of registers using Synchronous Clear  ; 0     ;
; Number of registers using Synchronous Load   ; 0     ;
; Number of registers using Asynchronous Clear ; 0     ;
; Number of registers using Asynchronous Load  ; 0     ;
; Number of registers using Clock Enable       ; 2     ;
; Number of registers using Preset             ; 0     ;
+----------------------------------------------+-------+


+---------------------------------------------------------------+
; Port Connectivity Checks: "Moore_state_machine:state_machine" ;
+-------+-------+----------+------------------------------------+
; Port  ; Type  ; Severity ; Details                            ;
+-------+-------+----------+------------------------------------+
; reset ; Input ; Info     ; Stuck at GND                       ;
+-------+-------+----------+------------------------------------+


+-----------------------------------------------------+
; Port Connectivity Checks: "Compx4:comp|Compx1:bit1" ;
+-----------------+-------+----------+----------------+
; Port            ; Type  ; Severity ; Details        ;
+-----------------+-------+----------+----------------+
; compx1_previous ; Input ; Info     ; Stuck at VCC   ;
+-----------------+-------+----------+----------------+


+-----------------------------------------------------+
; Post-Synthesis Netlist Statistics for Top Partition ;
+-----------------------+-----------------------------+
; Type                  ; Count                       ;
+-----------------------+-----------------------------+
; boundary_port         ; 31                          ;
; cycloneiii_ff         ; 39                          ;
;     ENA               ; 2                           ;
;     plain             ; 37                          ;
; cycloneiii_io_obuf    ; 3                           ;
; cycloneiii_lcell_comb ; 93                          ;
;     arith             ; 31                          ;
;         2 data inputs ; 29                          ;
;         3 data inputs ; 2                           ;
;     normal            ; 62                          ;
;         0 data inputs ; 1                           ;
;         1 data inputs ; 6                           ;
;         2 data inputs ; 3                           ;
;         3 data inputs ; 11                          ;
;         4 data inputs ; 41                          ;
;                       ;                             ;
; Max LUT depth         ; 6.00                        ;
; Average LUT depth     ; 3.32                        ;
+-----------------------+-----------------------------+


+-------------------------------+
; Elapsed Time Per Partition    ;
+----------------+--------------+
; Partition Name ; Elapsed Time ;
+----------------+--------------+
; Top            ; 00:00:01     ;
+----------------+--------------+


+-------------------------------+
; Analysis & Synthesis Messages ;
+-------------------------------+
Info: *******************************************************************
Info: Running Quartus Prime Analysis & Synthesis
    Info: Version 15.1.0 Build 185 10/21/2015 SJ Standard Edition
    Info: Processing started: Sun Jul 02 20:44:48 2017
Info: Command: quartus_map --read_settings_files=on --write_settings_files=off LogicalStep_Lab4 -c LogicalStep_Lab4_top
Info (20030): Parallel compilation is enabled and will use 2 of the 2 processors detected
Info (12021): Found 2 design units, including 1 entities, in source file sm_example.vhd
    Info (12022): Found design unit 1: Moore_SM_Example-MSM File: N:/VHDL/Lab4/SM_Example.vhd Line: 14
    Info (12023): Found entity 1: Moore_SM_Example File: N:/VHDL/Lab4/SM_Example.vhd Line: 5
Info (12021): Found 2 design units, including 1 entities, in source file sevensegment.vhd
    Info (12022): Found design unit 1: SevenSegment-Behavioral File: N:/VHDL/Lab4/SevenSegment.vhd Line: 18
    Info (12023): Found entity 1: SevenSegment File: N:/VHDL/Lab4/SevenSegment.vhd Line: 10
Info (12021): Found 2 design units, including 1 entities, in source file segment7_mux.vhd
    Info (12022): Found design unit 1: segment7_mux-syn File: N:/VHDL/Lab4/segment7_mux.vhd Line: 67
    Info (12023): Found entity 1: segment7_mux File: N:/VHDL/Lab4/segment7_mux.vhd Line: 52
Info (12021): Found 2 design units, including 1 entities, in source file compx4.vhd
    Info (12022): Found design unit 1: Compx4-Compx4 File: N:/VHDL/Lab4/Compx4.vhd Line: 14
    Info (12023): Found entity 1: Compx4 File: N:/VHDL/Lab4/Compx4.vhd Line: 6
Info (12021): Found 2 design units, including 1 entities, in source file compx1.vhd
    Info (12022): Found design unit 1: Compx1-Compx1 File: N:/VHDL/Lab4/Compx1.vhd Line: 19
    Info (12023): Found entity 1: Compx1 File: N:/VHDL/Lab4/Compx1.vhd Line: 10
Info (12021): Found 2 design units, including 1 entities, in source file logicalstep_lab4_top.vhd
    Info (12022): Found design unit 1: LogicalStep_Lab4_top-SimpleCircuit File: N:/VHDL/Lab4/LogicalStep_Lab4_top.vhd Line: 20
    Info (12023): Found entity 1: LogicalStep_Lab4_top File: N:/VHDL/Lab4/LogicalStep_Lab4_top.vhd Line: 6
Warning (12019): Can't analyze file -- file register_1bit.vhd is missing
Warning (12019): Can't analyze file -- file register_4bit.vhd is missing
Info (12021): Found 2 design units, including 1 entities, in source file two_to_one.vhd
    Info (12022): Found design unit 1: two_one_mux-two_one_mux File: N:/VHDL/Lab4/two_to_one.vhd Line: 15
    Info (12023): Found entity 1: two_one_mux File: N:/VHDL/Lab4/two_to_one.vhd Line: 6
Info (12021): Found 2 design units, including 1 entities, in source file moore_state_machine.vhd
    Info (12022): Found design unit 1: Moore_state_machine-definition File: N:/VHDL/Lab4/Moore_state_machine.vhd Line: 14
    Info (12023): Found entity 1: Moore_state_machine File: N:/VHDL/Lab4/Moore_state_machine.vhd Line: 5
Info (12127): Elaborating entity "LogicalStep_Lab4_top" for the top level hierarchy
Warning (10873): Using initial value X (don't care) for net "leds[6..0]" at LogicalStep_Lab4_top.vhd(13) File: N:/VHDL/Lab4/LogicalStep_Lab4_top.vhd Line: 13
Info (12128): Elaborating entity "Compx4" for hierarchy "Compx4:comp" File: N:/VHDL/Lab4/LogicalStep_Lab4_top.vhd Line: 95
Info (12128): Elaborating entity "Compx1" for hierarchy "Compx4:comp|Compx1:bit1" File: N:/VHDL/Lab4/Compx4.vhd Line: 34
Info (12128): Elaborating entity "Moore_state_machine" for hierarchy "Moore_state_machine:state_machine" File: N:/VHDL/Lab4/LogicalStep_Lab4_top.vhd Line: 97
Warning (10492): VHDL Process Statement warning at Moore_state_machine.vhd(31): signal "current_state" is read inside the Process Statement but isn't in the Process Statement's sensitivity list File: N:/VHDL/Lab4/Moore_state_machine.vhd Line: 31
Warning (10492): VHDL Process Statement warning at Moore_state_machine.vhd(51): signal "comparison" is read inside the Process Statement but isn't in the Process Statement's sensitivity list File: N:/VHDL/Lab4/Moore_state_machine.vhd Line: 51
Warning (10492): VHDL Process Statement warning at Moore_state_machine.vhd(54): signal "comparison" is read inside the Process Statement but isn't in the Process Statement's sensitivity list File: N:/VHDL/Lab4/Moore_state_machine.vhd Line: 54
Warning (10492): VHDL Process Statement warning at Moore_state_machine.vhd(63): signal "comparison" is read inside the Process Statement but isn't in the Process Statement's sensitivity list File: N:/VHDL/Lab4/Moore_state_machine.vhd Line: 63
Warning (10492): VHDL Process Statement warning at Moore_state_machine.vhd(66): signal "comparison" is read inside the Process Statement but isn't in the Process Statement's sensitivity list File: N:/VHDL/Lab4/Moore_state_machine.vhd Line: 66
Warning (10492): VHDL Process Statement warning at Moore_state_machine.vhd(75): signal "comparison" is read inside the Process Statement but isn't in the Process Statement's sensitivity list File: N:/VHDL/Lab4/Moore_state_machine.vhd Line: 75
Warning (10492): VHDL Process Statement warning at Moore_state_machine.vhd(78): signal "comparison" is read inside the Process Statement but isn't in the Process Statement's sensitivity list File: N:/VHDL/Lab4/Moore_state_machine.vhd Line: 78
Warning (10492): VHDL Process Statement warning at Moore_state_machine.vhd(87): signal "comparison" is read inside the Process Statement but isn't in the Process Statement's sensitivity list File: N:/VHDL/Lab4/Moore_state_machine.vhd Line: 87
Warning (10492): VHDL Process Statement warning at Moore_state_machine.vhd(90): signal "comparison" is read inside the Process Statement but isn't in the Process Statement's sensitivity list File: N:/VHDL/Lab4/Moore_state_machine.vhd Line: 90
Warning (10492): VHDL Process Statement warning at Moore_state_machine.vhd(99): signal "comparison" is read inside the Process Statement but isn't in the Process Statement's sensitivity list File: N:/VHDL/Lab4/Moore_state_machine.vhd Line: 99
Warning (10492): VHDL Process Statement warning at Moore_state_machine.vhd(102): signal "comparison" is read inside the Process Statement but isn't in the Process Statement's sensitivity list File: N:/VHDL/Lab4/Moore_state_machine.vhd Line: 102
Warning (10492): VHDL Process Statement warning at Moore_state_machine.vhd(111): signal "comparison" is read inside the Process Statement but isn't in the Process Statement's sensitivity list File: N:/VHDL/Lab4/Moore_state_machine.vhd Line: 111
Warning (10492): VHDL Process Statement warning at Moore_state_machine.vhd(114): signal "comparison" is read inside the Process Statement but isn't in the Process Statement's sensitivity list File: N:/VHDL/Lab4/Moore_state_machine.vhd Line: 114
Warning (10492): VHDL Process Statement warning at Moore_state_machine.vhd(123): signal "comparison" is read inside the Process Statement but isn't in the Process Statement's sensitivity list File: N:/VHDL/Lab4/Moore_state_machine.vhd Line: 123
Warning (10492): VHDL Process Statement warning at Moore_state_machine.vhd(126): signal "comparison" is read inside the Process Statement but isn't in the Process Statement's sensitivity list File: N:/VHDL/Lab4/Moore_state_machine.vhd Line: 126
Warning (10492): VHDL Process Statement warning at Moore_state_machine.vhd(135): signal "comparison" is read inside the Process Statement but isn't in the Process Statement's sensitivity list File: N:/VHDL/Lab4/Moore_state_machine.vhd Line: 135
Warning (10492): VHDL Process Statement warning at Moore_state_machine.vhd(138): signal "comparison" is read inside the Process Statement but isn't in the Process Statement's sensitivity list File: N:/VHDL/Lab4/Moore_state_machine.vhd Line: 138
Warning (10492): VHDL Process Statement warning at Moore_state_machine.vhd(147): signal "comparison" is read inside the Process Statement but isn't in the Process Statement's sensitivity list File: N:/VHDL/Lab4/Moore_state_machine.vhd Line: 147
Warning (10492): VHDL Process Statement warning at Moore_state_machine.vhd(150): signal "comparison" is read inside the Process Statement but isn't in the Process Statement's sensitivity list File: N:/VHDL/Lab4/Moore_state_machine.vhd Line: 150
Warning (10492): VHDL Process Statement warning at Moore_state_machine.vhd(159): signal "comparison" is read inside the Process Statement but isn't in the Process Statement's sensitivity list File: N:/VHDL/Lab4/Moore_state_machine.vhd Line: 159
Warning (10492): VHDL Process Statement warning at Moore_state_machine.vhd(162): signal "comparison" is read inside the Process Statement but isn't in the Process Statement's sensitivity list File: N:/VHDL/Lab4/Moore_state_machine.vhd Line: 162
Warning (10492): VHDL Process Statement warning at Moore_state_machine.vhd(171): signal "comparison" is read inside the Process Statement but isn't in the Process Statement's sensitivity list File: N:/VHDL/Lab4/Moore_state_machine.vhd Line: 171
Warning (10492): VHDL Process Statement warning at Moore_state_machine.vhd(174): signal "comparison" is read inside the Process Statement but isn't in the Process Statement's sensitivity list File: N:/VHDL/Lab4/Moore_state_machine.vhd Line: 174
Warning (10492): VHDL Process Statement warning at Moore_state_machine.vhd(183): signal "comparison" is read inside the Process Statement but isn't in the Process Statement's sensitivity list File: N:/VHDL/Lab4/Moore_state_machine.vhd Line: 183
Warning (10492): VHDL Process Statement warning at Moore_state_machine.vhd(186): signal "comparison" is read inside the Process Statement but isn't in the Process Statement's sensitivity list File: N:/VHDL/Lab4/Moore_state_machine.vhd Line: 186
Warning (10492): VHDL Process Statement warning at Moore_state_machine.vhd(195): signal "comparison" is read inside the Process Statement but isn't in the Process Statement's sensitivity list File: N:/VHDL/Lab4/Moore_state_machine.vhd Line: 195
Warning (10492): VHDL Process Statement warning at Moore_state_machine.vhd(198): signal "comparison" is read inside the Process Statement but isn't in the Process Statement's sensitivity list File: N:/VHDL/Lab4/Moore_state_machine.vhd Line: 198
Warning (10492): VHDL Process Statement warning at Moore_state_machine.vhd(207): signal "comparison" is read inside the Process Statement but isn't in the Process Statement's sensitivity list File: N:/VHDL/Lab4/Moore_state_machine.vhd Line: 207
Warning (10492): VHDL Process Statement warning at Moore_state_machine.vhd(210): signal "comparison" is read inside the Process Statement but isn't in the Process Statement's sensitivity list File: N:/VHDL/Lab4/Moore_state_machine.vhd Line: 210
Warning (10492): VHDL Process Statement warning at Moore_state_machine.vhd(219): signal "comparison" is read inside the Process Statement but isn't in the Process Statement's sensitivity list File: N:/VHDL/Lab4/Moore_state_machine.vhd Line: 219
Warning (10492): VHDL Process Statement warning at Moore_state_machine.vhd(222): signal "comparison" is read inside the Process Statement but isn't in the Process Statement's sensitivity list File: N:/VHDL/Lab4/Moore_state_machine.vhd Line: 222
Info (12128): Elaborating entity "SevenSegment" for hierarchy "SevenSegment:left_decoder" File: N:/VHDL/Lab4/LogicalStep_Lab4_top.vhd Line: 100
Info (12128): Elaborating entity "segment7_mux" for hierarchy "segment7_mux:output" File: N:/VHDL/Lab4/LogicalStep_Lab4_top.vhd Line: 103
Warning (13024): Output pins are stuck at VCC or GND
    Warning (13410): Pin "leds[0]" is stuck at GND File: N:/VHDL/Lab4/LogicalStep_Lab4_top.vhd Line: 13
    Warning (13410): Pin "leds[1]" is stuck at GND File: N:/VHDL/Lab4/LogicalStep_Lab4_top.vhd Line: 13
    Warning (13410): Pin "leds[2]" is stuck at GND File: N:/VHDL/Lab4/LogicalStep_Lab4_top.vhd Line: 13
    Warning (13410): Pin "leds[3]" is stuck at GND File: N:/VHDL/Lab4/LogicalStep_Lab4_top.vhd Line: 13
    Warning (13410): Pin "leds[4]" is stuck at GND File: N:/VHDL/Lab4/LogicalStep_Lab4_top.vhd Line: 13
    Warning (13410): Pin "leds[5]" is stuck at GND File: N:/VHDL/Lab4/LogicalStep_Lab4_top.vhd Line: 13
    Warning (13410): Pin "leds[6]" is stuck at GND File: N:/VHDL/Lab4/LogicalStep_Lab4_top.vhd Line: 13
Info (286030): Timing-Driven Synthesis is running
Info (17049): 1 registers lost all their fanouts during netlist optimizations.
Info (16010): Generating hard_block partition "hard_block:auto_generated_inst"
    Info (16011): Adding 0 node(s), including 0 DDIO, 0 PLL, 0 transceiver and 0 LCELL
Warning (21074): Design contains 5 input pin(s) that do not drive logic
    Warning (15610): No output dependent on input pin "rst_n" File: N:/VHDL/Lab4/LogicalStep_Lab4_top.vhd Line: 10
    Warning (15610): No output dependent on input pin "pb[0]" File: N:/VHDL/Lab4/LogicalStep_Lab4_top.vhd Line: 11
    Warning (15610): No output dependent on input pin "pb[1]" File: N:/VHDL/Lab4/LogicalStep_Lab4_top.vhd Line: 11
    Warning (15610): No output dependent on input pin "pb[2]" File: N:/VHDL/Lab4/LogicalStep_Lab4_top.vhd Line: 11
    Warning (15610): No output dependent on input pin "pb[3]" File: N:/VHDL/Lab4/LogicalStep_Lab4_top.vhd Line: 11
Info (21057): Implemented 120 device resources after synthesis - the final resource count might be different
    Info (21058): Implemented 14 input pins
    Info (21059): Implemented 17 output pins
    Info (21061): Implemented 89 logic cells
Info: Quartus Prime Analysis & Synthesis was successful. 0 errors, 48 warnings
    Info: Peak virtual memory: 859 megabytes
    Info: Processing ended: Sun Jul 02 20:45:21 2017
    Info: Elapsed time: 00:00:33
    Info: Total CPU time (on all processors): 00:00:44


